<?xml version="1.0" encoding="UTF-8"?>
<!-- Generated by org.testng.reporters.JUnitReportReporter -->
<testsuite hostname="Estefanias-MBP" failures="0" tests="1" name="myTests.TestSoftAsserts" time="0.007" errors="0" timestamp="2020-08-05T20:39:55 ART" skipped="0">
  <testcase classname="myTests.TestSoftAsserts" name="softAsserts" time="0.007"/>
  <system-out/>
</testsuite> <!-- myTests.TestSoftAsserts -->
