<?xml version="1.0" encoding="UTF-8"?>
<!-- Generated by org.testng.reporters.JUnitReportReporter -->
<testsuite hostname="Estefanias-MBP" failures="0" tests="1" name="myTests.TestSelectOrder" time="11.148" errors="0" timestamp="2020-07-29T20:28:59 ART" skipped="0">
  <testcase classname="myTests.TestSelectOrder" name="selectByVisibleText" time="11.148"/>
  <system-out/>
</testsuite> <!-- myTests.TestSelectOrder -->
