<?xml version="1.0" encoding="UTF-8"?>
<!-- Generated by org.testng.reporters.JUnitReportReporter -->
<testsuite hostname="Estefanias-MBP" failures="0" tests="7" name="myTests.TestSearch" time="23.869" errors="0" timestamp="2020-08-05T20:49:29 ART" skipped="6">
  <testcase classname="myTests.TestSearch" name="clickOnCheckboxByText" time="23.869"/>
  <system-out/>
  <testcase classname="myTests.TestSearch" name="searchNoresults">
    <skipped/>
  </testcase> <!-- searchNoresults -->
  <system-out/>
  <testcase classname="myTests.TestSearch" name="clickOnCheckboxByIndex">
    <skipped/>
  </testcase> <!-- clickOnCheckboxByIndex -->
  <system-out/>
  <testcase classname="myTests.TestSearch" name="searchTshirts">
    <skipped/>
  </testcase> <!-- searchTshirts -->
  <system-out/>
  <testcase classname="myTests.TestSearch" name="searchDresses">
    <skipped/>
  </testcase> <!-- searchDresses -->
  <system-out/>
  <testcase classname="myTests.TestSearch" name="clickOnFirstCheckbox">
    <skipped/>
  </testcase> <!-- clickOnFirstCheckbox -->
  <system-out/>
  <testcase classname="myTests.TestSearch" name="clickOnAllCheckboxes">
    <skipped/>
  </testcase> <!-- clickOnAllCheckboxes -->
  <system-out/>
</testsuite> <!-- myTests.TestSearch -->
