<?xml version="1.0" encoding="UTF-8"?>
<!-- Generated by org.testng.reporters.JUnitReportReporter -->
<testsuite hostname="Estefanias-MBP" failures="0" tests="7" name="myTests.TestAsserts" time="0.013" errors="0" timestamp="2020-08-03T21:17:55 ART" skipped="0">
  <testcase classname="myTests.TestAsserts" name="isTrue" time="0.004"/>
  <system-out/>
  <testcase classname="myTests.TestAsserts" name="isFalse" time="0.000"/>
  <system-out/>
  <testcase classname="myTests.TestAsserts" name="isNull" time="0.001"/>
  <system-out/>
  <testcase classname="myTests.TestAsserts" name="isEqualChar" time="0.007"/>
  <system-out/>
  <testcase classname="myTests.TestAsserts" name="isEqualNumber" time="0.000"/>
  <system-out/>
  <testcase classname="myTests.TestAsserts" name="isNotNull" time="0.000"/>
  <system-out/>
  <testcase classname="myTests.TestAsserts" name="isNotEqual" time="0.001"/>
  <system-out/>
</testsuite> <!-- myTests.TestAsserts -->
