<?xml version="1.0" encoding="UTF-8"?>
<!-- Generated by org.testng.reporters.JUnitReportReporter -->
<testsuite hostname="Estefanias-MBP" failures="0" tests="3" name="myTests.TestSearch" time="33.113" errors="0" timestamp="2020-07-26T16:55:31 ART" skipped="0">
  <testcase classname="myTests.TestSearch" name="searchNoresults" time="11.287"/>
  <system-out/>
  <testcase classname="myTests.TestSearch" name="searchDresses" time="12.390"/>
  <system-out/>
  <testcase classname="myTests.TestSearch" name="searchTshirts" time="9.436"/>
  <system-out/>
</testsuite> <!-- myTests.TestSearch -->
