<?xml version="1.0" encoding="UTF-8"?>
<!-- Generated by org.testng.reporters.JUnitReportReporter -->
<testsuite hostname="Estefanias-MBP" failures="0" tests="3" name="myTests.TestSearch" time="34.848" errors="0" timestamp="2020-07-22T19:48:13 ART" skipped="0">
  <testcase classname="myTests.TestSearch" name="searchNoresults" time="11.061"/>
  <system-out/>
  <testcase classname="myTests.TestSearch" name="search" time="10.750"/>
  <system-out/>
  <testcase classname="myTests.TestSearch" name="searchTshirts" time="13.037"/>
  <system-out/>
</testsuite> <!-- myTests.TestSearch -->
